<?xml version="1.0" encoding="UTF-8"?>
<!-- Generated by org.testng.reporters.JUnitXMLReporter -->
<testsuite hostname="DESKTOP-8EQSD1V" ignored="4" name="Test" tests="1" failures="1" timestamp="13 May 2021 10:54:38 GMT" time="0.47" errors="0">
  <testcase name="EnterContinueBtnWithValidDataTest" time="0.42" classname="com.qa.FurnitureStore.TestCases.RegisterAccountPageTest">
    <failure type="org.testng.internal.reflect.MethodMatcherException" message="
Data provider mismatch
Method: EnterContinueBtnWithValidDataTest([Parameter{index=0, type=java.lang.String, declaredAnnotations=[]}, Parameter{index=1, type=java.lang.String, declaredAnnotations=[]}, Parameter{index=2, type=java.lang.String, declaredAnnotations=[]}, Parameter{index=3, type=java.lang.String, declaredAnnotations=[]}, Parameter{index=4, type=java.lang.String, declaredAnnotations=[]}, Parameter{index=5, type=java.lang.String, declaredAnnotations=[]}, Parameter{index=6, type=java.lang.String, declaredAnnotations=[]}, Parameter{index=7, type=java.lang.String, declaredAnnotations=[]}, Parameter{index=8, type=java.lang.String, declaredAnnotations=[]}])
Arguments: [(java.lang.String) Mohammed Irfanullah,(java.lang.String) Ansari,(java.lang.String) irfanullah@bosontech.ai,(java.lang.String) 7718942434,(java.lang.String) Mulund,(java.lang.String) Mumbai,(java.lang.String) 400001,(java.lang.String) ergode123,(java.lang.String) ergode123,(java.lang.String) ]">
      <![CDATA[org.testng.internal.reflect.MethodMatcherException: 
Data provider mismatch
Method: EnterContinueBtnWithValidDataTest([Parameter{index=0, type=java.lang.String, declaredAnnotations=[]}, Parameter{index=1, type=java.lang.String, declaredAnnotations=[]}, Parameter{index=2, type=java.lang.String, declaredAnnotations=[]}, Parameter{index=3, type=java.lang.String, declaredAnnotations=[]}, Parameter{index=4, type=java.lang.String, declaredAnnotations=[]}, Parameter{index=5, type=java.lang.String, declaredAnnotations=[]}, Parameter{index=6, type=java.lang.String, declaredAnnotations=[]}, Parameter{index=7, type=java.lang.String, declaredAnnotations=[]}, Parameter{index=8, type=java.lang.String, declaredAnnotations=[]}])
Arguments: [(java.lang.String) Mohammed Irfanullah,(java.lang.String) Ansari,(java.lang.String) irfanullah@bosontech.ai,(java.lang.String) 7718942434,(java.lang.String) Mulund,(java.lang.String) Mumbai,(java.lang.String) 400001,(java.lang.String) ergode123,(java.lang.String) ergode123,(java.lang.String) ]
... Removed 20 stack frames]]>
    </failure>
  </testcase> <!-- EnterContinueBtnWithValidDataTest -->
  <testcase name="validateRegisterPageLable" time="0.0" classname="com.qa.FurnitureStore.TestCases.RegisterAccountPageTest">
    <ignored/>
  </testcase> <!-- validateRegisterPageLable -->
  <testcase name="EnterContinueBtnWithoutAnyDataTest" time="0.0" classname="com.qa.FurnitureStore.TestCases.RegisterAccountPageTest">
    <ignored/>
  </testcase> <!-- EnterContinueBtnWithoutAnyDataTest -->
  <testcase name="validateRegisrterPageLoginPageBtnTest" time="0.0" classname="com.qa.FurnitureStore.TestCases.RegisterAccountPageTest">
    <ignored/>
  </testcase> <!-- validateRegisrterPageLoginPageBtnTest -->
  <testcase name="validateRegisterPageTitleTest" time="0.0" classname="com.qa.FurnitureStore.TestCases.RegisterAccountPageTest">
    <ignored/>
  </testcase> <!-- validateRegisterPageTitleTest -->
</testsuite> <!-- Test -->
